******************************************
2018-03-30 16:34:21
******************************************
익郞:
[compile]C:\Users\Administrator.WIN-8G4JI8339CN\.m2\repository\com\global\boot\global-boot-configuration-processor\1.2-SNAPSHOT\global-boot-configuration-processor-1.2-SNAPSHOT.jar
[compile]C:\Users\Administrator.WIN-8G4JI8339CN\.m2\repository\org\springframework\boot\spring-boot-configuration-processor\1.3.5.RELEASE\spring-boot-configuration-processor-1.3.5.RELEASE.jar
郞嫁org/springframework/boot/configurationprocessor/metadata/ItemMetadata$ItemType.class
******************************************
2018-03-30 16:35:56
******************************************
익郞:
[compile]C:\Users\Administrator.WIN-8G4JI8339CN\.m2\repository\com\global\boot\global-boot-configuration-processor\1.2-SNAPSHOT\global-boot-configuration-processor-1.2-SNAPSHOT.jar
[compile]C:\Users\Administrator.WIN-8G4JI8339CN\.m2\repository\org\springframework\boot\spring-boot-configuration-processor\1.3.5.RELEASE\spring-boot-configuration-processor-1.3.5.RELEASE.jar
郞嫁org/springframework/boot/configurationprocessor/metadata/ItemMetadata$ItemType.class
******************************************
2018-03-30 16:46:00
******************************************
익郞:
[compile]C:\Users\Administrator.WIN-8G4JI8339CN\.m2\repository\com\global\boot\global-boot-configuration-processor\1.2-SNAPSHOT\global-boot-configuration-processor-1.2-SNAPSHOT.jar
[compile]C:\Users\Administrator.WIN-8G4JI8339CN\.m2\repository\org\springframework\boot\spring-boot-configuration-processor\1.3.5.RELEASE\spring-boot-configuration-processor-1.3.5.RELEASE.jar
郞嫁org/springframework/boot/configurationprocessor/metadata/ItemMetadata$ItemType.class
******************************************
2018-03-30 16:50:09
******************************************
익郞:
[compile]C:\Users\Administrator.WIN-8G4JI8339CN\.m2\repository\com\global\boot\global-boot-configuration-processor\1.2-SNAPSHOT\global-boot-configuration-processor-1.2-SNAPSHOT.jar
[compile]C:\Users\Administrator.WIN-8G4JI8339CN\.m2\repository\org\springframework\boot\spring-boot-configuration-processor\1.3.5.RELEASE\spring-boot-configuration-processor-1.3.5.RELEASE.jar
郞嫁org/springframework/boot/configurationprocessor/metadata/ItemMetadata$ItemType.class
******************************************
2018-03-30 16:51:43
******************************************
익郞:
[compile]C:\Users\Administrator.WIN-8G4JI8339CN\.m2\repository\com\global\boot\global-boot-configuration-processor\1.2-SNAPSHOT\global-boot-configuration-processor-1.2-SNAPSHOT.jar
[compile]C:\Users\Administrator.WIN-8G4JI8339CN\.m2\repository\org\springframework\boot\spring-boot-configuration-processor\1.3.5.RELEASE\spring-boot-configuration-processor-1.3.5.RELEASE.jar
郞嫁org/springframework/boot/configurationprocessor/metadata/ItemMetadata$ItemType.class
******************************************
2018-03-30 16:56:02
******************************************
익郞:
[compile]C:\Users\Administrator.WIN-8G4JI8339CN\.m2\repository\com\global\boot\global-boot-configuration-processor\1.2-SNAPSHOT\global-boot-configuration-processor-1.2-SNAPSHOT.jar
[compile]C:\Users\Administrator.WIN-8G4JI8339CN\.m2\repository\org\springframework\boot\spring-boot-configuration-processor\1.3.5.RELEASE\spring-boot-configuration-processor-1.3.5.RELEASE.jar
郞嫁org/springframework/boot/configurationprocessor/metadata/ItemMetadata$ItemType.class
익郞:
[provided]C:\Users\Administrator.WIN-8G4JI8339CN\.m2\repository\org\jboss\netty\netty\3.2.5.Final\netty-3.2.5.Final.jar
[compile]C:\Users\Administrator.WIN-8G4JI8339CN\.m2\repository\io\netty\netty\3.7.0.Final\netty-3.7.0.Final.jar
郞嫁org/jboss/netty/bootstrap/Bootstrap.class
익郞:
[compile]C:\Users\Administrator.WIN-8G4JI8339CN\.m2\repository\xpp3\xpp3_min\1.1.4c\xpp3_min-1.1.4c.jar
[compile]C:\Users\Administrator.WIN-8G4JI8339CN\.m2\repository\xmlpull\xmlpull\1.1.3.1\xmlpull-1.1.3.1.jar
郞嫁org/xmlpull/v1/XmlPullParser.class
******************************************
2018-03-30 16:58:50
******************************************
익郞:
[compile]C:\Users\Administrator.WIN-8G4JI8339CN\.m2\repository\com\global\boot\global-boot-configuration-processor\1.2-SNAPSHOT\global-boot-configuration-processor-1.2-SNAPSHOT.jar
[compile]C:\Users\Administrator.WIN-8G4JI8339CN\.m2\repository\org\springframework\boot\spring-boot-configuration-processor\1.3.5.RELEASE\spring-boot-configuration-processor-1.3.5.RELEASE.jar
郞嫁org/springframework/boot/configurationprocessor/metadata/ItemMetadata$ItemType.class
익郞:
[provided]C:\Users\Administrator.WIN-8G4JI8339CN\.m2\repository\org\jboss\netty\netty\3.2.5.Final\netty-3.2.5.Final.jar
[compile]C:\Users\Administrator.WIN-8G4JI8339CN\.m2\repository\io\netty\netty\3.7.0.Final\netty-3.7.0.Final.jar
郞嫁org/jboss/netty/bootstrap/Bootstrap.class
익郞:
[compile]C:\Users\Administrator.WIN-8G4JI8339CN\.m2\repository\xpp3\xpp3_min\1.1.4c\xpp3_min-1.1.4c.jar
[compile]C:\Users\Administrator.WIN-8G4JI8339CN\.m2\repository\xmlpull\xmlpull\1.1.3.1\xmlpull-1.1.3.1.jar
郞嫁org/xmlpull/v1/XmlPullParser.class
******************************************
2018-03-30 17:02:56
******************************************
익郞:
[compile]C:\Users\Administrator.WIN-8G4JI8339CN\.m2\repository\com\global\boot\global-boot-configuration-processor\1.2-SNAPSHOT\global-boot-configuration-processor-1.2-SNAPSHOT.jar
[compile]C:\Users\Administrator.WIN-8G4JI8339CN\.m2\repository\org\springframework\boot\spring-boot-configuration-processor\1.3.5.RELEASE\spring-boot-configuration-processor-1.3.5.RELEASE.jar
郞嫁org/springframework/boot/configurationprocessor/metadata/ItemMetadata$ItemType.class
익郞:
[provided]C:\Users\Administrator.WIN-8G4JI8339CN\.m2\repository\org\jboss\netty\netty\3.2.5.Final\netty-3.2.5.Final.jar
[compile]C:\Users\Administrator.WIN-8G4JI8339CN\.m2\repository\io\netty\netty\3.7.0.Final\netty-3.7.0.Final.jar
郞嫁org/jboss/netty/bootstrap/Bootstrap.class
익郞:
[compile]C:\Users\Administrator.WIN-8G4JI8339CN\.m2\repository\xpp3\xpp3_min\1.1.4c\xpp3_min-1.1.4c.jar
[compile]C:\Users\Administrator.WIN-8G4JI8339CN\.m2\repository\xmlpull\xmlpull\1.1.3.1\xmlpull-1.1.3.1.jar
郞嫁org/xmlpull/v1/XmlPullParser.class
익郞:
[provided]C:\Users\Administrator.WIN-8G4JI8339CN\.m2\repository\org\springframework\spring-context-support\4.1.6.RELEASE\spring-context-support-4.1.6.RELEASE.jar
[provided]C:\Users\Administrator.WIN-8G4JI8339CN\.m2\repository\org\springframework\spring-context-support\4.0.7.RELEASE\spring-context-support-4.0.7.RELEASE.jar
郞嫁org/springframework/cache/ehcache/EhCacheFactoryBean.class
익郞:
[provided]C:\Users\Administrator.WIN-8G4JI8339CN\.m2\repository\com\yiji\boot\yiji-boot-configuration-processor\1.2-SNAPSHOT\yiji-boot-configuration-processor-1.2-SNAPSHOT.jar
[compile]C:\Users\Administrator.WIN-8G4JI8339CN\.m2\repository\com\global\boot\global-boot-configuration-processor\1.2-SNAPSHOT\global-boot-configuration-processor-1.2-SNAPSHOT.jar
郞嫁org/springframework/boot/configurationprocessor/metadata/ItemMetadata$ItemType.class
익郞:
[compile]C:\Users\Administrator.WIN-8G4JI8339CN\.m2\repository\commons-lang\commons-lang\2.4\commons-lang-2.4.jar
[compile]C:\Users\Administrator.WIN-8G4JI8339CN\.m2\repository\commons-lang\commons-lang\2.6\commons-lang-2.6.jar
郞嫁org/apache/commons/lang/ArrayUtils.class
익郞:
[compile]C:\Users\Administrator.WIN-8G4JI8339CN\.m2\repository\commons-validator\commons-validator\1.3.1\commons-validator-1.3.1.jar
[compile]C:\Users\Administrator.WIN-8G4JI8339CN\.m2\repository\commons-validator\commons-validator\1.5.1\commons-validator-1.5.1.jar
郞嫁org/apache/commons/validator/Arg.class
익郞:
[compile]C:\Users\Administrator.WIN-8G4JI8339CN\.m2\repository\commons-beanutils\commons-beanutils\1.7.0\commons-beanutils-1.7.0.jar
[compile]C:\Users\Administrator.WIN-8G4JI8339CN\.m2\repository\commons-beanutils\commons-beanutils\1.9.2\commons-beanutils-1.9.2.jar
郞嫁org/apache/commons/beanutils/BeanComparator.class
익郞:
[compile]C:\Users\Administrator.WIN-8G4JI8339CN\.m2\repository\commons-collections\commons-collections\3.2.1\commons-collections-3.2.1.jar
[compile]C:\Users\Administrator.WIN-8G4JI8339CN\.m2\repository\commons-beanutils\commons-beanutils\1.7.0\commons-beanutils-1.7.0.jar
郞嫁org/apache/commons/collections/ArrayStack.class
익郞:
[compile]C:\Users\Administrator.WIN-8G4JI8339CN\.m2\repository\commons-digester\commons-digester\1.8\commons-digester-1.8.jar
[compile]C:\Users\Administrator.WIN-8G4JI8339CN\.m2\repository\commons-digester\commons-digester\1.8.1\commons-digester-1.8.1.jar
郞嫁org/apache/commons/digester/AbstractObjectCreationFactory.class
익郞:
[compile]C:\Users\Administrator.WIN-8G4JI8339CN\.m2\repository\org\mvel\mvel2\2.1.8.Final\mvel2-2.1.8.Final.jar
[compile]C:\Users\Administrator.WIN-8G4JI8339CN\.m2\repository\org\mvel\mvel2\2.1.3.Final-yiji\mvel2-2.1.3.Final-yiji.jar
郞嫁org/mvel2/Unit.class
익郞:
[compile]C:\Users\Administrator.WIN-8G4JI8339CN\.m2\repository\com\thoughtworks\xstream\xstream\1.4.1\xstream-1.4.1.jar
[compile]C:\Users\Administrator.WIN-8G4JI8339CN\.m2\repository\com\thoughtworks\xstream\xstream\1.4.9\xstream-1.4.9.jar
郞嫁com/thoughtworks/xstream/converters/basic/AbstractSingleValueConverter.class
익郞:
[compile]C:\Users\Administrator.WIN-8G4JI8339CN\.m2\repository\com\oracle\ojdbc14\10.2.0.4.0\ojdbc14-10.2.0.4.0.jar
[test]C:\Users\Administrator.WIN-8G4JI8339CN\.m2\repository\com\oracle\ojdbc6\11.1.0.7\ojdbc6-11.1.0.7.jar
郞嫁oracle/net/nt/ConnOption.class
익郞:
[test]C:\Users\Administrator.WIN-8G4JI8339CN\.m2\repository\org\hamcrest\hamcrest-core\1.1\hamcrest-core-1.1.jar
[test]C:\Users\Administrator.WIN-8G4JI8339CN\.m2\repository\org\hamcrest\hamcrest-core\1.3\hamcrest-core-1.3.jar
郞嫁org/hamcrest/BaseDescription.class
익郞:
[compile]C:\Users\Administrator.WIN-8G4JI8339CN\.m2\repository\dom4j\dom4j\1.6.1\dom4j-1.6.1.jar
[compile]C:\Users\Administrator.WIN-8G4JI8339CN\.m2\repository\dom4j\dom4j\1.1\dom4j-1.1.jar
郞嫁org/dom4j/Attribute.class
익郞:
[compile]C:\Users\Administrator.WIN-8G4JI8339CN\.m2\repository\jaxen\jaxen\1.1.1\jaxen-1.1.1.jar
[compile]C:\Users\Administrator.WIN-8G4JI8339CN\.m2\repository\dom4j\dom4j\1.1\dom4j-1.1.jar
郞嫁org/jaxen/BaseXPath.class
익郞:
[compile]C:\Users\Administrator.WIN-8G4JI8339CN\.m2\repository\xml-apis\xml-apis\1.3.02\xml-apis-1.3.02.jar
[compile]C:\Users\Administrator.WIN-8G4JI8339CN\.m2\repository\jaxen\jaxen\1.1.1\jaxen-1.1.1.jar
郞嫁org/w3c/dom/UserDataHandler.class
익郞:
[compile]C:\Users\Administrator.WIN-8G4JI8339CN\.m2\repository\xerces\xercesImpl\2.6.2\xercesImpl-2.6.2.jar
[compile]C:\Users\Administrator.WIN-8G4JI8339CN\.m2\repository\xml-apis\xml-apis\1.3.02\xml-apis-1.3.02.jar
郞嫁org/w3c/dom/ls/LSOutput.class
익郞:
[compile]C:\Users\Administrator.WIN-8G4JI8339CN\.m2\repository\xerces\xmlParserAPIs\2.6.2\xmlParserAPIs-2.6.2.jar
[compile]C:\Users\Administrator.WIN-8G4JI8339CN\.m2\repository\xml-apis\xml-apis\1.3.02\xml-apis-1.3.02.jar
郞嫁javax/xml/parsers/DocumentBuilder.class
익郞:
[compile]C:\Users\Administrator.WIN-8G4JI8339CN\.m2\repository\xalan\xalan\2.6.0\xalan-2.6.0.jar
[compile]C:\Users\Administrator.WIN-8G4JI8339CN\.m2\repository\xml-apis\xml-apis\1.3.02\xml-apis-1.3.02.jar
郞嫁org/w3c/dom/xpath/XPathEvaluator.class
******************************************
2018-04-19 11:40:18
******************************************
익郞:
[compile]C:\Users\Administrator.WIN-8G4JI8339CN\.m2\repository\com\global\boot\global-boot-configuration-processor\1.2-SNAPSHOT\global-boot-configuration-processor-1.2-SNAPSHOT.jar
[compile]C:\Users\Administrator.WIN-8G4JI8339CN\.m2\repository\org\springframework\boot\spring-boot-configuration-processor\1.3.5.RELEASE\spring-boot-configuration-processor-1.3.5.RELEASE.jar
郞嫁org/springframework/boot/configurationprocessor/metadata/ItemMetadata$ItemType.class
익郞:
[provided]C:\Users\Administrator.WIN-8G4JI8339CN\.m2\repository\org\jboss\netty\netty\3.2.5.Final\netty-3.2.5.Final.jar
[compile]C:\Users\Administrator.WIN-8G4JI8339CN\.m2\repository\io\netty\netty\3.7.0.Final\netty-3.7.0.Final.jar
郞嫁org/jboss/netty/bootstrap/Bootstrap.class
익郞:
[test]C:\Users\Administrator.WIN-8G4JI8339CN\.m2\repository\com\yjf\common\yjf-common-util\2.2.20180411\yjf-common-util-2.2.20180411.jar
[compile]C:\Users\Administrator.WIN-8G4JI8339CN\.m2\repository\com\global\common\global-common-util\2.2.20180417-SNAPSHOT\global-common-util-2.2.20180417-SNAPSHOT.jar
郞嫁org/springframework/cache/config/YJFAnnotationDrivenCacheBeanDefinitionParser$AopAutoProxyConfigurer.class
익郞:
[compile]C:\Users\Administrator.WIN-8G4JI8339CN\.m2\repository\xpp3\xpp3_min\1.1.4c\xpp3_min-1.1.4c.jar
[compile]C:\Users\Administrator.WIN-8G4JI8339CN\.m2\repository\xmlpull\xmlpull\1.1.3.1\xmlpull-1.1.3.1.jar
郞嫁org/xmlpull/v1/XmlPullParser.class
익郞:
[provided]C:\Users\Administrator.WIN-8G4JI8339CN\.m2\repository\org\springframework\spring-context-support\4.1.6.RELEASE\spring-context-support-4.1.6.RELEASE.jar
[provided]C:\Users\Administrator.WIN-8G4JI8339CN\.m2\repository\org\springframework\spring-context-support\4.0.7.RELEASE\spring-context-support-4.0.7.RELEASE.jar
郞嫁org/springframework/cache/ehcache/EhCacheFactoryBean.class
익郞:
[provided]C:\Users\Administrator.WIN-8G4JI8339CN\.m2\repository\com\yiji\boot\yiji-boot-configuration-processor\1.2-SNAPSHOT\yiji-boot-configuration-processor-1.2-SNAPSHOT.jar
[compile]C:\Users\Administrator.WIN-8G4JI8339CN\.m2\repository\com\global\boot\global-boot-configuration-processor\1.2-SNAPSHOT\global-boot-configuration-processor-1.2-SNAPSHOT.jar
郞嫁org/springframework/boot/configurationprocessor/metadata/ItemMetadata$ItemType.class
익郞:
[compile]C:\Users\Administrator.WIN-8G4JI8339CN\.m2\repository\commons-lang\commons-lang\2.4\commons-lang-2.4.jar
[compile]C:\Users\Administrator.WIN-8G4JI8339CN\.m2\repository\commons-lang\commons-lang\2.6\commons-lang-2.6.jar
郞嫁org/apache/commons/lang/ArrayUtils.class
익郞:
[compile]C:\Users\Administrator.WIN-8G4JI8339CN\.m2\repository\commons-validator\commons-validator\1.3.1\commons-validator-1.3.1.jar
[compile]C:\Users\Administrator.WIN-8G4JI8339CN\.m2\repository\commons-validator\commons-validator\1.5.1\commons-validator-1.5.1.jar
郞嫁org/apache/commons/validator/Arg.class
익郞:
[compile]C:\Users\Administrator.WIN-8G4JI8339CN\.m2\repository\commons-beanutils\commons-beanutils\1.7.0\commons-beanutils-1.7.0.jar
[compile]C:\Users\Administrator.WIN-8G4JI8339CN\.m2\repository\commons-beanutils\commons-beanutils\1.9.2\commons-beanutils-1.9.2.jar
郞嫁org/apache/commons/beanutils/BeanComparator.class
익郞:
[compile]C:\Users\Administrator.WIN-8G4JI8339CN\.m2\repository\commons-collections\commons-collections\3.2.1\commons-collections-3.2.1.jar
[compile]C:\Users\Administrator.WIN-8G4JI8339CN\.m2\repository\commons-beanutils\commons-beanutils\1.7.0\commons-beanutils-1.7.0.jar
郞嫁org/apache/commons/collections/ArrayStack.class
익郞:
[compile]C:\Users\Administrator.WIN-8G4JI8339CN\.m2\repository\commons-digester\commons-digester\1.8\commons-digester-1.8.jar
[compile]C:\Users\Administrator.WIN-8G4JI8339CN\.m2\repository\commons-digester\commons-digester\1.8.1\commons-digester-1.8.1.jar
郞嫁org/apache/commons/digester/AbstractObjectCreationFactory.class
익郞:
[compile]C:\Users\Administrator.WIN-8G4JI8339CN\.m2\repository\org\mvel\mvel2\2.1.8.Final\mvel2-2.1.8.Final.jar
[compile]C:\Users\Administrator.WIN-8G4JI8339CN\.m2\repository\org\mvel\mvel2\2.1.3.Final-yiji\mvel2-2.1.3.Final-yiji.jar
郞嫁org/mvel2/Unit.class
익郞:
[compile]C:\Users\Administrator.WIN-8G4JI8339CN\.m2\repository\com\thoughtworks\xstream\xstream\1.4.1\xstream-1.4.1.jar
[compile]C:\Users\Administrator.WIN-8G4JI8339CN\.m2\repository\com\thoughtworks\xstream\xstream\1.4.9\xstream-1.4.9.jar
郞嫁com/thoughtworks/xstream/converters/basic/AbstractSingleValueConverter.class
익郞:
[compile]C:\Users\Administrator.WIN-8G4JI8339CN\.m2\repository\com\oracle\ojdbc14\10.2.0.4.0\ojdbc14-10.2.0.4.0.jar
[test]C:\Users\Administrator.WIN-8G4JI8339CN\.m2\repository\com\oracle\ojdbc6\11.1.0.7\ojdbc6-11.1.0.7.jar
郞嫁oracle/net/nt/ConnOption.class
익郞:
[test]C:\Users\Administrator.WIN-8G4JI8339CN\.m2\repository\org\hamcrest\hamcrest-core\1.1\hamcrest-core-1.1.jar
[test]C:\Users\Administrator.WIN-8G4JI8339CN\.m2\repository\org\hamcrest\hamcrest-core\1.3\hamcrest-core-1.3.jar
郞嫁org/hamcrest/BaseDescription.class
익郞:
[compile]C:\Users\Administrator.WIN-8G4JI8339CN\.m2\repository\dom4j\dom4j\1.6.1\dom4j-1.6.1.jar
[compile]C:\Users\Administrator.WIN-8G4JI8339CN\.m2\repository\dom4j\dom4j\1.1\dom4j-1.1.jar
郞嫁org/dom4j/Attribute.class
익郞:
[compile]C:\Users\Administrator.WIN-8G4JI8339CN\.m2\repository\jaxen\jaxen\1.1.1\jaxen-1.1.1.jar
[compile]C:\Users\Administrator.WIN-8G4JI8339CN\.m2\repository\dom4j\dom4j\1.1\dom4j-1.1.jar
郞嫁org/jaxen/BaseXPath.class
익郞:
[compile]C:\Users\Administrator.WIN-8G4JI8339CN\.m2\repository\xml-apis\xml-apis\1.3.02\xml-apis-1.3.02.jar
[compile]C:\Users\Administrator.WIN-8G4JI8339CN\.m2\repository\jaxen\jaxen\1.1.1\jaxen-1.1.1.jar
郞嫁org/w3c/dom/UserDataHandler.class
익郞:
[compile]C:\Users\Administrator.WIN-8G4JI8339CN\.m2\repository\xerces\xercesImpl\2.6.2\xercesImpl-2.6.2.jar
[compile]C:\Users\Administrator.WIN-8G4JI8339CN\.m2\repository\xml-apis\xml-apis\1.3.02\xml-apis-1.3.02.jar
郞嫁org/w3c/dom/ls/LSOutput.class
익郞:
[compile]C:\Users\Administrator.WIN-8G4JI8339CN\.m2\repository\xerces\xmlParserAPIs\2.6.2\xmlParserAPIs-2.6.2.jar
[compile]C:\Users\Administrator.WIN-8G4JI8339CN\.m2\repository\xml-apis\xml-apis\1.3.02\xml-apis-1.3.02.jar
郞嫁javax/xml/parsers/DocumentBuilder.class
익郞:
[compile]C:\Users\Administrator.WIN-8G4JI8339CN\.m2\repository\xalan\xalan\2.6.0\xalan-2.6.0.jar
[compile]C:\Users\Administrator.WIN-8G4JI8339CN\.m2\repository\xml-apis\xml-apis\1.3.02\xml-apis-1.3.02.jar
郞嫁org/w3c/dom/xpath/XPathEvaluator.class
******************************************
2018-04-19 14:36:10
******************************************
익郞:
[compile]C:\Users\Administrator.WIN-8G4JI8339CN\.m2\repository\com\global\boot\global-boot-configuration-processor\1.2-SNAPSHOT\global-boot-configuration-processor-1.2-SNAPSHOT.jar
[compile]C:\Users\Administrator.WIN-8G4JI8339CN\.m2\repository\org\springframework\boot\spring-boot-configuration-processor\1.3.5.RELEASE\spring-boot-configuration-processor-1.3.5.RELEASE.jar
郞嫁org/springframework/boot/configurationprocessor/metadata/ItemMetadata$ItemType.class
익郞:
[provided]C:\Users\Administrator.WIN-8G4JI8339CN\.m2\repository\org\jboss\netty\netty\3.2.5.Final\netty-3.2.5.Final.jar
[compile]C:\Users\Administrator.WIN-8G4JI8339CN\.m2\repository\io\netty\netty\3.7.0.Final\netty-3.7.0.Final.jar
郞嫁org/jboss/netty/bootstrap/Bootstrap.class
익郞:
[test]C:\Users\Administrator.WIN-8G4JI8339CN\.m2\repository\com\yjf\common\yjf-common-util\2.2.20180411\yjf-common-util-2.2.20180411.jar
[compile]C:\Users\Administrator.WIN-8G4JI8339CN\.m2\repository\com\global\common\global-common-util\2.2.20180417-SNAPSHOT\global-common-util-2.2.20180417-SNAPSHOT.jar
郞嫁org/springframework/cache/config/YJFAnnotationDrivenCacheBeanDefinitionParser$AopAutoProxyConfigurer.class
익郞:
[compile]C:\Users\Administrator.WIN-8G4JI8339CN\.m2\repository\xpp3\xpp3_min\1.1.4c\xpp3_min-1.1.4c.jar
[compile]C:\Users\Administrator.WIN-8G4JI8339CN\.m2\repository\xmlpull\xmlpull\1.1.3.1\xmlpull-1.1.3.1.jar
郞嫁org/xmlpull/v1/XmlPullParser.class
익郞:
[provided]C:\Users\Administrator.WIN-8G4JI8339CN\.m2\repository\org\springframework\spring-context-support\4.1.6.RELEASE\spring-context-support-4.1.6.RELEASE.jar
[provided]C:\Users\Administrator.WIN-8G4JI8339CN\.m2\repository\org\springframework\spring-context-support\4.0.7.RELEASE\spring-context-support-4.0.7.RELEASE.jar
郞嫁org/springframework/cache/ehcache/EhCacheFactoryBean.class
익郞:
[provided]C:\Users\Administrator.WIN-8G4JI8339CN\.m2\repository\com\yiji\boot\yiji-boot-configuration-processor\1.2-SNAPSHOT\yiji-boot-configuration-processor-1.2-SNAPSHOT.jar
[compile]C:\Users\Administrator.WIN-8G4JI8339CN\.m2\repository\com\global\boot\global-boot-configuration-processor\1.2-SNAPSHOT\global-boot-configuration-processor-1.2-SNAPSHOT.jar
郞嫁org/springframework/boot/configurationprocessor/metadata/ItemMetadata$ItemType.class
익郞:
[compile]C:\Users\Administrator.WIN-8G4JI8339CN\.m2\repository\commons-lang\commons-lang\2.4\commons-lang-2.4.jar
[compile]C:\Users\Administrator.WIN-8G4JI8339CN\.m2\repository\commons-lang\commons-lang\2.6\commons-lang-2.6.jar
郞嫁org/apache/commons/lang/ArrayUtils.class
익郞:
[compile]C:\Users\Administrator.WIN-8G4JI8339CN\.m2\repository\commons-validator\commons-validator\1.3.1\commons-validator-1.3.1.jar
[compile]C:\Users\Administrator.WIN-8G4JI8339CN\.m2\repository\commons-validator\commons-validator\1.5.1\commons-validator-1.5.1.jar
郞嫁org/apache/commons/validator/Arg.class
익郞:
[compile]C:\Users\Administrator.WIN-8G4JI8339CN\.m2\repository\commons-beanutils\commons-beanutils\1.7.0\commons-beanutils-1.7.0.jar
[compile]C:\Users\Administrator.WIN-8G4JI8339CN\.m2\repository\commons-beanutils\commons-beanutils\1.9.2\commons-beanutils-1.9.2.jar
郞嫁org/apache/commons/beanutils/BeanComparator.class
익郞:
[compile]C:\Users\Administrator.WIN-8G4JI8339CN\.m2\repository\commons-collections\commons-collections\3.2.1\commons-collections-3.2.1.jar
[compile]C:\Users\Administrator.WIN-8G4JI8339CN\.m2\repository\commons-beanutils\commons-beanutils\1.7.0\commons-beanutils-1.7.0.jar
郞嫁org/apache/commons/collections/ArrayStack.class
익郞:
[compile]C:\Users\Administrator.WIN-8G4JI8339CN\.m2\repository\commons-digester\commons-digester\1.8\commons-digester-1.8.jar
[compile]C:\Users\Administrator.WIN-8G4JI8339CN\.m2\repository\commons-digester\commons-digester\1.8.1\commons-digester-1.8.1.jar
郞嫁org/apache/commons/digester/AbstractObjectCreationFactory.class
익郞:
[compile]C:\Users\Administrator.WIN-8G4JI8339CN\.m2\repository\org\mvel\mvel2\2.1.8.Final\mvel2-2.1.8.Final.jar
[compile]C:\Users\Administrator.WIN-8G4JI8339CN\.m2\repository\org\mvel\mvel2\2.1.3.Final-yiji\mvel2-2.1.3.Final-yiji.jar
郞嫁org/mvel2/Unit.class
익郞:
[compile]C:\Users\Administrator.WIN-8G4JI8339CN\.m2\repository\com\thoughtworks\xstream\xstream\1.4.1\xstream-1.4.1.jar
[compile]C:\Users\Administrator.WIN-8G4JI8339CN\.m2\repository\com\thoughtworks\xstream\xstream\1.4.9\xstream-1.4.9.jar
郞嫁com/thoughtworks/xstream/converters/basic/AbstractSingleValueConverter.class
익郞:
[compile]C:\Users\Administrator.WIN-8G4JI8339CN\.m2\repository\com\oracle\ojdbc14\10.2.0.4.0\ojdbc14-10.2.0.4.0.jar
[test]C:\Users\Administrator.WIN-8G4JI8339CN\.m2\repository\com\oracle\ojdbc6\11.1.0.7\ojdbc6-11.1.0.7.jar
郞嫁oracle/net/nt/ConnOption.class
익郞:
[test]C:\Users\Administrator.WIN-8G4JI8339CN\.m2\repository\org\hamcrest\hamcrest-core\1.1\hamcrest-core-1.1.jar
[test]C:\Users\Administrator.WIN-8G4JI8339CN\.m2\repository\org\hamcrest\hamcrest-core\1.3\hamcrest-core-1.3.jar
郞嫁org/hamcrest/BaseDescription.class
익郞:
[compile]C:\Users\Administrator.WIN-8G4JI8339CN\.m2\repository\dom4j\dom4j\1.6.1\dom4j-1.6.1.jar
[compile]C:\Users\Administrator.WIN-8G4JI8339CN\.m2\repository\dom4j\dom4j\1.1\dom4j-1.1.jar
郞嫁org/dom4j/Attribute.class
익郞:
[compile]C:\Users\Administrator.WIN-8G4JI8339CN\.m2\repository\jaxen\jaxen\1.1.1\jaxen-1.1.1.jar
[compile]C:\Users\Administrator.WIN-8G4JI8339CN\.m2\repository\dom4j\dom4j\1.1\dom4j-1.1.jar
郞嫁org/jaxen/BaseXPath.class
익郞:
[compile]C:\Users\Administrator.WIN-8G4JI8339CN\.m2\repository\xml-apis\xml-apis\1.3.02\xml-apis-1.3.02.jar
[compile]C:\Users\Administrator.WIN-8G4JI8339CN\.m2\repository\jaxen\jaxen\1.1.1\jaxen-1.1.1.jar
郞嫁org/w3c/dom/UserDataHandler.class
익郞:
[compile]C:\Users\Administrator.WIN-8G4JI8339CN\.m2\repository\xerces\xercesImpl\2.6.2\xercesImpl-2.6.2.jar
[compile]C:\Users\Administrator.WIN-8G4JI8339CN\.m2\repository\xml-apis\xml-apis\1.3.02\xml-apis-1.3.02.jar
郞嫁org/w3c/dom/ls/LSOutput.class
익郞:
[compile]C:\Users\Administrator.WIN-8G4JI8339CN\.m2\repository\xerces\xmlParserAPIs\2.6.2\xmlParserAPIs-2.6.2.jar
[compile]C:\Users\Administrator.WIN-8G4JI8339CN\.m2\repository\xml-apis\xml-apis\1.3.02\xml-apis-1.3.02.jar
郞嫁javax/xml/parsers/DocumentBuilder.class
익郞:
[compile]C:\Users\Administrator.WIN-8G4JI8339CN\.m2\repository\xalan\xalan\2.6.0\xalan-2.6.0.jar
[compile]C:\Users\Administrator.WIN-8G4JI8339CN\.m2\repository\xml-apis\xml-apis\1.3.02\xml-apis-1.3.02.jar
郞嫁org/w3c/dom/xpath/XPathEvaluator.class
